<?xml version="1.0" encoding="UTF-8"?>
<testsuite xmlns:xsi="http://www.w3.org/2001/XMLSchema-instance" xsi:noNamespaceSchemaLocation="https://maven.apache.org/surefire/maven-surefire-plugin/xsd/surefire-test-report-3.0.xsd" version="3.0" name="org.alducin.clientes.ClienteControllerTest" time="6.318" tests="1" errors="0" skipped="0" failures="0">
  <properties>
[...]
</properties>
  <testcase name="testGetClientes" classname="org.alducin.clientes.ClienteControllerTest" time="0.966">
    <system-out><![CDATA[00:12:26.151 [main] INFO org.springframework.test.context.support.AnnotationConfigContextLoaderUtils -- Could not detect default configuration classes for test class [org.alducin.clientes.ClienteControllerTest]: ClienteControllerTest does not declare any static, non-private, non-final, nested classes annotated with @Configuration.
00:12:26.272 [main] INFO org.springframework.boot.test.context.SpringBootTestContextBootstrapper -- Found @SpringBootConfiguration org.alducin.clientes.ClienteServiceApp for test class org.alducin.clientes.ClienteControllerTest

  .   ____          _            __ _ _
 /\\ / ___'_ __ _ _(_)_ __  __ _ \ \ \ \
( ( )\___ | '_ | '_| | '_ \/ _` | \ \ \ \
 \\/  ___)| |_)| | | | | || (_| |  ) ) ) )
  '  |____| .__|_| |_|_| |_\__, | / / / /
 =========|_|==============|___/=/_/_/_/
 :: Spring Boot ::                (v3.2.5)

2025-06-21T00:12:26.572-06:00  INFO 21856 --- [           main] o.a.clientes.ClienteControllerTest       : Starting ClienteControllerTest using Java 17.0.12 with PID 21856 (started by ingal in D:\Desarrollo\Java\crudClienteJava)
2025-06-21T00:12:26.572-06:00  INFO 21856 --- [           main] o.a.clientes.ClienteControllerTest       : No active profile set, falling back to 1 default profile: "default"
2025-06-21T00:12:27.350-06:00  INFO 21856 --- [           main] .s.d.r.c.RepositoryConfigurationDelegate : Bootstrapping Spring Data JPA repositories in DEFAULT mode.
2025-06-21T00:12:27.395-06:00  INFO 21856 --- [           main] .s.d.r.c.RepositoryConfigurationDelegate : Finished Spring Data repository scanning in 32 ms. Found 2 JPA repository interfaces.
2025-06-21T00:12:27.853-06:00  INFO 21856 --- [           main] o.hibernate.jpa.internal.util.LogHelper  : HHH000204: Processing PersistenceUnitInfo [name: default]
2025-06-21T00:12:27.919-06:00  INFO 21856 --- [           main] org.hibernate.Version                    : HHH000412: Hibernate ORM core version 6.4.4.Final
2025-06-21T00:12:27.947-06:00  INFO 21856 --- [           main] o.h.c.internal.RegionFactoryInitiator    : HHH000026: Second-level cache disabled
2025-06-21T00:12:28.168-06:00  INFO 21856 --- [           main] o.s.o.j.p.SpringPersistenceUnitInfo      : No LoadTimeWeaver setup: ignoring JPA class transformer
2025-06-21T00:12:28.184-06:00  INFO 21856 --- [           main] com.zaxxer.hikari.HikariDataSource       : HikariPool-1 - Starting...
2025-06-21T00:12:28.295-06:00  INFO 21856 --- [           main] com.zaxxer.hikari.pool.HikariPool        : HikariPool-1 - Added connection conn0: url=jdbc:h2:mem:clientesdb user=SA
2025-06-21T00:12:28.295-06:00  INFO 21856 --- [           main] com.zaxxer.hikari.HikariDataSource       : HikariPool-1 - Start completed.
2025-06-21T00:12:28.311-06:00  WARN 21856 --- [           main] org.hibernate.orm.deprecation            : HHH90000025: H2Dialect does not need to be specified explicitly using 'hibernate.dialect' (remove the property setting and it will be selected by default)
2025-06-21T00:12:29.229-06:00  INFO 21856 --- [           main] o.h.e.t.j.p.i.JtaPlatformInitiator       : HHH000489: No JTA platform available (set 'hibernate.transaction.jta.platform' to enable JTA platform integration)
2025-06-21T00:12:29.308-06:00  INFO 21856 --- [           main] j.LocalContainerEntityManagerFactoryBean : Initialized JPA EntityManagerFactory for persistence unit 'default'
2025-06-21T00:12:30.114-06:00  WARN 21856 --- [           main] JpaBaseConfiguration$JpaWebConfiguration : spring.jpa.open-in-view is enabled by default. Therefore, database queries may be performed during view rendering. Explicitly configure spring.jpa.open-in-view to disable this warning
2025-06-21T00:12:30.177-06:00  WARN 21856 --- [           main] .s.s.UserDetailsServiceAutoConfiguration : 

Using generated security password: 56b71557-2a13-476a-8fc8-6aafe823e393

This generated password is for development use only. Your security configuration must be updated before running your application in production.

2025-06-21T00:12:30.683-06:00  INFO 21856 --- [           main] o.s.s.web.DefaultSecurityFilterChain     : Will secure any request with [org.springframework.security.web.session.DisableEncodeUrlFilter@2284058a, org.springframework.security.web.context.request.async.WebAsyncManagerIntegrationFilter@5b11d0d8, org.springframework.security.web.context.SecurityContextHolderFilter@451f3f66, org.springframework.security.web.header.HeaderWriterFilter@47bbf44d, org.springframework.web.filter.CorsFilter@5cf39df6, org.springframework.security.web.authentication.logout.LogoutFilter@70a91d72, org.springframework.security.web.savedrequest.RequestCacheAwareFilter@2784145d, org.springframework.security.web.servletapi.SecurityContextHolderAwareRequestFilter@4bd1b07d, org.springframework.security.web.authentication.AnonymousAuthenticationFilter@46ae897c, org.springframework.security.web.access.ExceptionTranslationFilter@6afb240d, org.springframework.security.web.access.intercept.AuthorizationFilter@5345552f]
2025-06-21T00:12:31.159-06:00  INFO 21856 --- [           main] o.s.b.a.h2.H2ConsoleAutoConfiguration    : H2 console available at '/h2-console'. Database available at 'jdbc:h2:mem:clientesdb'
2025-06-21T00:12:31.318-06:00  INFO 21856 --- [           main] o.s.b.t.m.w.SpringBootMockServletContext : Initializing Spring TestDispatcherServlet ''
2025-06-21T00:12:31.318-06:00  INFO 21856 --- [           main] o.s.t.web.servlet.TestDispatcherServlet  : Initializing Servlet ''
2025-06-21T00:12:31.318-06:00  INFO 21856 --- [           main] o.s.t.web.servlet.TestDispatcherServlet  : Completed initialization in 0 ms
2025-06-21T00:12:31.334-06:00  INFO 21856 --- [           main] o.a.clientes.ClienteControllerTest       : Started ClienteControllerTest in 4.939 seconds (process running for 5.705)
]]></system-out>
  </testcase>
</testsuite>